<?xml version="1.0" encoding="UTF-8"?>
<testng-results ignored="0" total="1" passed="1" failed="0" skipped="0">
  <reporter-output>
  </reporter-output>
  <suite started-at="2021-04-24T12:14:23 EAT" name="MSS Automation Test" finished-at="2021-04-24T12:15:37 EAT" duration-ms="74029">
    <groups>
    </groups>
    <test started-at="2021-04-24T12:14:23 EAT" name="MSS Testing" finished-at="2021-04-24T12:15:37 EAT" duration-ms="74029">
      <class name="com.mssTest.testCases.TC_LoginTest_001">
        <test-method is-config="true" signature="setup(java.lang.String)[pri:0, instance:com.mssTest.testCases.TC_LoginTest_001@7b9a4292]" started-at="2021-04-24T12:14:24 EAT" name="setup" finished-at="2021-04-24T12:15:37 EAT" duration-ms="73172" status="PASS">
          <params>
            <param index="0">
              <value>
                <![CDATA[firefox]]>
              </value>
            </param>
          </params>
          <reporter-output>
          </reporter-output>
        </test-method> <!-- setup -->
        <test-method signature="login()[pri:0, instance:com.mssTest.testCases.TC_LoginTest_001@7b9a4292]" started-at="2021-04-24T12:15:37 EAT" name="login" finished-at="2021-04-24T12:15:37 EAT" duration-ms="483" status="PASS">
          <reporter-output>
          </reporter-output>
        </test-method> <!-- login -->
      </class> <!-- com.mssTest.testCases.TC_LoginTest_001 -->
    </test> <!-- MSS Testing -->
  </suite> <!-- MSS Automation Test -->
</testng-results>
